2025-06-03 22:26:08,481 - __main__ - INFO - Starting full pipeline for video: /Users/humdaan/repos/mapper/data/IMG_2016.MOV
2025-06-03 22:26:08,482 - __main__ - INFO - Step 1: Extracting frames and GPS data...
2025-06-03 22:26:08,482 - pipeline.demux - INFO - Processing video: /Users/humdaan/repos/mapper/data/IMG_2016.MOV
2025-06-03 22:26:08,482 - pipeline.demux - INFO - Output directory: data/frames_tmp/IMG_2016_1749014768
2025-06-03 22:26:09,179 - pipeline.demux - INFO - Frame extraction completed successfully
2025-06-03 22:26:09,347 - pipeline.demux - INFO - GPS data extracted to data/frames_tmp/IMG_2016_1749014768/gps.csv
2025-06-03 22:26:09,348 - pipeline.demux - INFO - Extracted 8 frames
2025-06-03 22:26:09,348 - __main__ - INFO - Step 2: Filtering frames...
2025-06-03 22:26:09,348 - pipeline.filter - INFO - Found 8 frames to filter
2025-06-03 22:26:09,348 - pipeline.filter - INFO - Analyzing frame sharpness...
2025-06-03 22:26:09,428 - pipeline.filter - INFO - After blur filtering: 8 frames
2025-06-03 22:26:09,428 - pipeline.filter - INFO - After temporal sampling: 8 frames
2025-06-03 22:26:09,428 - pipeline.filter - INFO - Copying filtered frames...
2025-06-03 22:26:09,430 - __main__ - INFO - Step 3: Running 3D reconstruction...
2025-06-03 22:26:09,431 - pipeline.sfm - INFO - Starting COLMAP reconstruction with 8 images
2025-06-03 22:26:09,431 - pipeline.sfm - INFO - Extracting features...
2025-06-03 22:26:18,072 - pipeline.sfm - INFO - Feature extraction completed
2025-06-03 22:26:18,072 - pipeline.sfm - INFO - Matching features...
2025-06-03 22:26:22,995 - pipeline.sfm - INFO - Feature matching completed
2025-06-03 22:26:22,995 - pipeline.sfm - INFO - Running sparse reconstruction...
2025-06-03 22:26:23,812 - pipeline.sfm - INFO - Sparse reconstruction completed
2025-06-03 22:26:23,812 - pipeline.sfm - INFO - Selected model: data/colmap_ws/recon_IMG_2016_1749014768/sparse/0
2025-06-03 22:26:23,812 - pipeline.sfm - INFO - Exporting point cloud...
2025-06-03 22:26:23,838 - pipeline.sfm - INFO - Point cloud exported to data/colmap_ws/recon_IMG_2016_1749014768/model.ply
2025-06-03 22:26:23,839 - __main__ - INFO - ✓ Pipeline completed successfully!
2025-06-30 21:38:25,847 - __main__ - INFO - Starting full pipeline for video: data/videos/landscape_w_moving_around_30s.MOV
2025-06-30 21:38:25,848 - __main__ - INFO - Step 1: Extracting frames and GPS data...
2025-06-30 21:38:25,848 - pipeline.demux - INFO - Processing video: data/videos/landscape_w_moving_around_30s.MOV
2025-06-30 21:38:25,848 - pipeline.demux - INFO - Output directory: data/frames_tmp/landscape_w_moving_around_30s_1751344705
2025-06-30 21:38:30,714 - pipeline.demux - INFO - Frame extraction completed successfully
2025-06-30 21:38:31,001 - pipeline.demux - INFO - GPS data extracted to data/frames_tmp/landscape_w_moving_around_30s_1751344705/gps.csv
2025-06-30 21:38:31,002 - pipeline.demux - INFO - Extracted 31 frames
2025-06-30 21:38:31,002 - __main__ - INFO - Step 2: Filtering frames...
2025-06-30 21:38:31,002 - pipeline.filter - INFO - Found 31 frames to filter
2025-06-30 21:38:31,002 - pipeline.filter - INFO - Analyzing frame sharpness...
2025-06-30 21:38:31,281 - pipeline.filter - INFO - After blur filtering: 31 frames
2025-06-30 21:38:31,281 - pipeline.filter - INFO - After temporal sampling: 31 frames
2025-06-30 21:38:31,281 - pipeline.filter - INFO - Copying filtered frames...
2025-06-30 21:38:31,316 - __main__ - INFO - Step 3: Running 3D reconstruction...
2025-06-30 21:38:31,316 - pipeline.sfm - INFO - Starting COLMAP reconstruction with 31 images
2025-06-30 21:38:31,317 - pipeline.sfm - INFO - Extracting features...
2025-06-30 21:38:45,650 - pipeline.sfm - INFO - Feature extraction completed
2025-06-30 21:38:45,651 - pipeline.sfm - INFO - Matching features...
2025-06-30 21:39:09,724 - pipeline.sfm - INFO - Feature matching completed
2025-06-30 21:39:09,724 - pipeline.sfm - INFO - Running sparse reconstruction...
2025-06-30 21:40:06,319 - pipeline.sfm - INFO - Sparse reconstruction completed
2025-06-30 21:40:06,320 - pipeline.sfm - INFO - Selected model: data/colmap_ws/recon_landscape_w_moving_around_30s_1751344705/sparse/0
2025-06-30 21:40:06,320 - pipeline.sfm - INFO - Exporting point cloud...
2025-06-30 21:40:06,380 - pipeline.sfm - INFO - Point cloud exported to data/colmap_ws/recon_landscape_w_moving_around_30s_1751344705/model.ply
2025-06-30 21:40:06,380 - __main__ - INFO - ✓ Pipeline completed successfully!
